Info: Starting: Create block symbol file (.bsf)
Info: qsys-generate /home/sebastian95/Documents/GitHub/Image-Filter-in-Heterogenuos-Processor/ProyectoQuartus/multicore.qsys --block-symbol-file --output-directory=/home/sebastian95/Documents/GitHub/Image-Filter-in-Heterogenuos-Processor/ProyectoQuartus/multicore --family="Cyclone V" --part=5CSEMA5F31C6
Progress: Loading ProyectoQuartus/multicore.qsys
Progress: Reading input file
Progress: Adding clk_0 [clock_source 16.1]
Progress: Parameterizing module clk_0
Progress: Adding clocks [altera_up_avalon_sys_sdram_pll 16.1]
Progress: Parameterizing module clocks
Progress: Adding hps [altera_hps 16.1]
Progress: Parameterizing module hps
Progress: Adding jtag_uart_0 [altera_avalon_jtag_uart 16.1]
Progress: Parameterizing module jtag_uart_0
Progress: Adding leds [altera_avalon_pio 16.1]
Progress: Parameterizing module leds
Progress: Adding nios [altera_nios2_gen2 16.1]
Progress: Parameterizing module nios
Progress: Adding onchip [altera_avalon_onchip_memory2 16.1]
Progress: Parameterizing module onchip
Progress: Adding sdram [altera_avalon_new_sdram_controller 16.1]
Progress: Parameterizing module sdram
Progress: Building connections
Progress: Parameterizing connections
Progress: Validating
Progress: Done reading input file
Info: multicore.hps: HPS Main PLL counter settings: n = 0  m = 73
Info: multicore.hps: HPS peripherial PLL counter settings: n = 0  m = 39
Warning: multicore.hps: "Configuration/HPS-to-FPGA user 0 clock frequency" (desired_cfg_clk_mhz) requested 100.0 MHz, but only achieved 97.368421 MHz
Warning: multicore.hps: "QSPI clock frequency" (desired_qspi_clk_mhz) requested 400.0 MHz, but only achieved 370.0 MHz
Warning: multicore.hps: 1 or more output clock frequencies cannot be achieved precisely, consider revising desired output clock frequencies.
Info: multicore.hps: ECC will be enabled in the preloader because an interface width of 24 or 40 has been chosen.
Info: multicore.jtag_uart_0: JTAG UART IP input clock need to be at least double (2x) the operating frequency of JTAG TCK on board
Info: multicore.sdram: SDRAM Controller will only be supported in Quartus Prime Standard Edition in the future release.
Info: qsys-generate succeeded.
Info: Finished: Create block symbol file (.bsf)
Info: 
Info: Starting: Create HDL design files for synthesis
Info: qsys-generate /home/sebastian95/Documents/GitHub/Image-Filter-in-Heterogenuos-Processor/ProyectoQuartus/multicore.qsys --synthesis=VERILOG --output-directory=/home/sebastian95/Documents/GitHub/Image-Filter-in-Heterogenuos-Processor/ProyectoQuartus/multicore/synthesis --family="Cyclone V" --part=5CSEMA5F31C6
Progress: Loading ProyectoQuartus/multicore.qsys
Progress: Reading input file
Progress: Adding clk_0 [clock_source 16.1]
Progress: Parameterizing module clk_0
Progress: Adding clocks [altera_up_avalon_sys_sdram_pll 16.1]
Progress: Parameterizing module clocks
Progress: Adding hps [altera_hps 16.1]
Progress: Parameterizing module hps
Progress: Adding jtag_uart_0 [altera_avalon_jtag_uart 16.1]
Progress: Parameterizing module jtag_uart_0
Progress: Adding leds [altera_avalon_pio 16.1]
Progress: Parameterizing module leds
Progress: Adding nios [altera_nios2_gen2 16.1]
Progress: Parameterizing module nios
Progress: Adding onchip [altera_avalon_onchip_memory2 16.1]
Progress: Parameterizing module onchip
Progress: Adding sdram [altera_avalon_new_sdram_controller 16.1]
Progress: Parameterizing module sdram
Progress: Building connections
Progress: Parameterizing connections
Progress: Validating
Progress: Done reading input file
Info: multicore.hps: HPS Main PLL counter settings: n = 0  m = 73
Info: multicore.hps: HPS peripherial PLL counter settings: n = 0  m = 39
Warning: multicore.hps: "Configuration/HPS-to-FPGA user 0 clock frequency" (desired_cfg_clk_mhz) requested 100.0 MHz, but only achieved 97.368421 MHz
Warning: multicore.hps: "QSPI clock frequency" (desired_qspi_clk_mhz) requested 400.0 MHz, but only achieved 370.0 MHz
Warning: multicore.hps: 1 or more output clock frequencies cannot be achieved precisely, consider revising desired output clock frequencies.
Info: multicore.hps: ECC will be enabled in the preloader because an interface width of 24 or 40 has been chosen.
Info: multicore.jtag_uart_0: JTAG UART IP input clock need to be at least double (2x) the operating frequency of JTAG TCK on board
Info: multicore.sdram: SDRAM Controller will only be supported in Quartus Prime Standard Edition in the future release.
Info: multicore: Generating multicore "multicore" for QUARTUS_SYNTH
Warning: hps.f2h_irq0: Cannot connect clock for irq_mapper.sender
Warning: hps.f2h_irq0: Cannot connect reset for irq_mapper.sender
Warning: hps.f2h_irq1: Cannot connect clock for irq_mapper_001.sender
Warning: hps.f2h_irq1: Cannot connect reset for irq_mapper_001.sender
Info: clocks: "multicore" instantiated altera_up_avalon_sys_sdram_pll "clocks"
Info: hps: "Running  for module: hps"
Info: hps: HPS Main PLL counter settings: n = 0  m = 73
Info: hps: HPS peripherial PLL counter settings: n = 0  m = 39
Warning: hps: "Configuration/HPS-to-FPGA user 0 clock frequency" (desired_cfg_clk_mhz) requested 100.0 MHz, but only achieved 97.368421 MHz
Warning: hps: "QSPI clock frequency" (desired_qspi_clk_mhz) requested 400.0 MHz, but only achieved 370.0 MHz
Warning: hps: 1 or more output clock frequencies cannot be achieved precisely, consider revising desired output clock frequencies.
Info: hps: ECC will be enabled in the preloader because an interface width of 24 or 40 has been chosen.
Info: hps: "multicore" instantiated altera_hps "hps"
Info: jtag_uart_0: Starting RTL generation for module 'multicore_jtag_uart_0'
Info: jtag_uart_0:   Generation command is [exec /home/sebastian95/intelFPGA_lite/16.1/quartus/linux64/perl/bin/perl -I /home/sebastian95/intelFPGA_lite/16.1/quartus/linux64/perl/lib -I /home/sebastian95/intelFPGA_lite/16.1/quartus/sopc_builder/bin/europa -I /home/sebastian95/intelFPGA_lite/16.1/quartus/sopc_builder/bin/perl_lib -I /home/sebastian95/intelFPGA_lite/16.1/quartus/sopc_builder/bin -I /home/sebastian95/intelFPGA_lite/16.1/quartus/../ip/altera/sopc_builder_ip/common -I /home/sebastian95/intelFPGA_lite/16.1/quartus/../ip/altera/sopc_builder_ip/altera_avalon_jtag_uart -- /home/sebastian95/intelFPGA_lite/16.1/quartus/../ip/altera/sopc_builder_ip/altera_avalon_jtag_uart/generate_rtl.pl --name=multicore_jtag_uart_0 --dir=/tmp/alt7414_198517484341933943.dir/0001_jtag_uart_0_gen/ --quartus_dir=/home/sebastian95/intelFPGA_lite/16.1/quartus --verilog --config=/tmp/alt7414_198517484341933943.dir/0001_jtag_uart_0_gen//multicore_jtag_uart_0_component_configuration.pl  --do_build_sim=0  ]
Info: jtag_uart_0: Done RTL generation for module 'multicore_jtag_uart_0'
Info: jtag_uart_0: "multicore" instantiated altera_avalon_jtag_uart "jtag_uart_0"
Info: leds: Starting RTL generation for module 'multicore_leds'
Info: leds:   Generation command is [exec /home/sebastian95/intelFPGA_lite/16.1/quartus/linux64/perl/bin/perl -I /home/sebastian95/intelFPGA_lite/16.1/quartus/linux64/perl/lib -I /home/sebastian95/intelFPGA_lite/16.1/quartus/sopc_builder/bin/europa -I /home/sebastian95/intelFPGA_lite/16.1/quartus/sopc_builder/bin/perl_lib -I /home/sebastian95/intelFPGA_lite/16.1/quartus/sopc_builder/bin -I /home/sebastian95/intelFPGA_lite/16.1/quartus/../ip/altera/sopc_builder_ip/common -I /home/sebastian95/intelFPGA_lite/16.1/quartus/../ip/altera/sopc_builder_ip/altera_avalon_pio -- /home/sebastian95/intelFPGA_lite/16.1/quartus/../ip/altera/sopc_builder_ip/altera_avalon_pio/generate_rtl.pl --name=multicore_leds --dir=/tmp/alt7414_198517484341933943.dir/0002_leds_gen/ --quartus_dir=/home/sebastian95/intelFPGA_lite/16.1/quartus --verilog --config=/tmp/alt7414_198517484341933943.dir/0002_leds_gen//multicore_leds_component_configuration.pl  --do_build_sim=0  ]
Info: leds: Done RTL generation for module 'multicore_leds'
Info: leds: "multicore" instantiated altera_avalon_pio "leds"
Info: nios: "multicore" instantiated altera_nios2_gen2 "nios"
Info: onchip: Starting RTL generation for module 'multicore_onchip'
Info: onchip:   Generation command is [exec /home/sebastian95/intelFPGA_lite/16.1/quartus/linux64/perl/bin/perl -I /home/sebastian95/intelFPGA_lite/16.1/quartus/linux64/perl/lib -I /home/sebastian95/intelFPGA_lite/16.1/quartus/sopc_builder/bin/europa -I /home/sebastian95/intelFPGA_lite/16.1/quartus/sopc_builder/bin/perl_lib -I /home/sebastian95/intelFPGA_lite/16.1/quartus/sopc_builder/bin -I /home/sebastian95/intelFPGA_lite/16.1/quartus/../ip/altera/sopc_builder_ip/common -I /home/sebastian95/intelFPGA_lite/16.1/quartus/../ip/altera/sopc_builder_ip/altera_avalon_onchip_memory2 -- /home/sebastian95/intelFPGA_lite/16.1/quartus/../ip/altera/sopc_builder_ip/altera_avalon_onchip_memory2/generate_rtl.pl --name=multicore_onchip --dir=/tmp/alt7414_198517484341933943.dir/0003_onchip_gen/ --quartus_dir=/home/sebastian95/intelFPGA_lite/16.1/quartus --verilog --config=/tmp/alt7414_198517484341933943.dir/0003_onchip_gen//multicore_onchip_component_configuration.pl  --do_build_sim=0  ]
Info: onchip: Done RTL generation for module 'multicore_onchip'
Info: onchip: "multicore" instantiated altera_avalon_onchip_memory2 "onchip"
Info: sdram: Starting RTL generation for module 'multicore_sdram'
Info: sdram:   Generation command is [exec /home/sebastian95/intelFPGA_lite/16.1/quartus/linux64/perl/bin/perl -I /home/sebastian95/intelFPGA_lite/16.1/quartus/linux64/perl/lib -I /home/sebastian95/intelFPGA_lite/16.1/quartus/sopc_builder/bin/europa -I /home/sebastian95/intelFPGA_lite/16.1/quartus/sopc_builder/bin/perl_lib -I /home/sebastian95/intelFPGA_lite/16.1/quartus/sopc_builder/bin -I /home/sebastian95/intelFPGA_lite/16.1/quartus/../ip/altera/sopc_builder_ip/common -I /home/sebastian95/intelFPGA_lite/16.1/quartus/../ip/altera/sopc_builder_ip/altera_avalon_new_sdram_controller -- /home/sebastian95/intelFPGA_lite/16.1/quartus/../ip/altera/sopc_builder_ip/altera_avalon_new_sdram_controller/generate_rtl.pl --name=multicore_sdram --dir=/tmp/alt7414_198517484341933943.dir/0004_sdram_gen/ --quartus_dir=/home/sebastian95/intelFPGA_lite/16.1/quartus --verilog --config=/tmp/alt7414_198517484341933943.dir/0004_sdram_gen//multicore_sdram_component_configuration.pl  --do_build_sim=0  ]
Info: sdram: Done RTL generation for module 'multicore_sdram'
Info: sdram: "multicore" instantiated altera_avalon_new_sdram_controller "sdram"
Info: avalon_st_adapter: Inserting error_adapter: error_adapter_0
Info: avalon_st_adapter_001: Inserting error_adapter: error_adapter_0
Info: avalon_st_adapter_002: Inserting error_adapter: error_adapter_0
Info: avalon_st_adapter_003: Inserting error_adapter: error_adapter_0
Info: avalon_st_adapter_004: Inserting error_adapter: error_adapter_0
Info: mm_interconnect_0: "multicore" instantiated altera_mm_interconnect "mm_interconnect_0"
Info: irq_mapper: "multicore" instantiated altera_irq_mapper "irq_mapper"
Info: irq_mapper_002: "multicore" instantiated altera_irq_mapper "irq_mapper_002"
Info: rst_controller: "multicore" instantiated altera_reset_controller "rst_controller"
Info: sys_pll: "clocks" instantiated altera_pll "sys_pll"
Info: reset_from_locked: "clocks" instantiated altera_up_avalon_reset_from_locked_signal "reset_from_locked"
Info: fpga_interfaces: "hps" instantiated altera_interface_generator "fpga_interfaces"
Info: hps_io: "hps" instantiated altera_hps_io "hps_io"
Info: cpu: Starting RTL generation for module 'multicore_nios_cpu'
Info: cpu:   Generation command is [exec /home/sebastian95/intelFPGA_lite/16.1/quartus/linux64//eperlcmd -I /home/sebastian95/intelFPGA_lite/16.1/quartus/linux64//perl/lib -I /home/sebastian95/intelFPGA_lite/16.1/quartus/sopc_builder/bin/europa -I /home/sebastian95/intelFPGA_lite/16.1/quartus/sopc_builder/bin/perl_lib -I /home/sebastian95/intelFPGA_lite/16.1/quartus/sopc_builder/bin -I /home/sebastian95/intelFPGA_lite/16.1/quartus/../ip/altera/nios2_ip/altera_nios2_gen2/cpu_lib -I /home/sebastian95/intelFPGA_lite/16.1/quartus/../ip/altera/nios2_ip/altera_nios2_gen2/nios_lib -I /home/sebastian95/intelFPGA_lite/16.1/quartus/../ip/altera/nios2_ip/altera_nios2_gen2 -I /home/sebastian95/intelFPGA_lite/16.1/quartus/../ip/altera/nios2_ip/altera_nios2_gen2 -- /home/sebastian95/intelFPGA_lite/16.1/quartus/../ip/altera/nios2_ip/altera_nios2_gen2/generate_rtl.epl --name=multicore_nios_cpu --dir=/tmp/alt7414_198517484341933943.dir/0011_cpu_gen/ --quartus_bindir=/home/sebastian95/intelFPGA_lite/16.1/quartus/linux64/ --verilog --config=/tmp/alt7414_198517484341933943.dir/0011_cpu_gen//multicore_nios_cpu_processor_configuration.pl  --do_build_sim=0  ]
Info: cpu: # 2017.09.05 15:31:30 (*) Starting Nios II generation
Info: cpu: # 2017.09.05 15:31:30 (*)   Checking for plaintext license.
Info: cpu: # 2017.09.05 15:31:33 (*)   Plaintext license not found.
Info: cpu: # 2017.09.05 15:31:33 (*)   No license required to generate encrypted Nios II/e.
Info: cpu: # 2017.09.05 15:31:33 (*)   Elaborating CPU configuration settings
Info: cpu: # 2017.09.05 15:31:33 (*)   Creating all objects for CPU
Info: cpu: # 2017.09.05 15:31:34 (*)   Generating RTL from CPU objects
Info: cpu: # 2017.09.05 15:31:34 (*)   Creating plain-text RTL
Info: cpu: # 2017.09.05 15:31:35 (*) Done Nios II generation
Info: cpu: Done RTL generation for module 'multicore_nios_cpu'
Info: cpu: "nios" instantiated altera_nios2_gen2_unit "cpu"
Info: nios_data_master_translator: "mm_interconnect_0" instantiated altera_merlin_master_translator "nios_data_master_translator"
Info: jtag_uart_0_avalon_jtag_slave_translator: "mm_interconnect_0" instantiated altera_merlin_slave_translator "jtag_uart_0_avalon_jtag_slave_translator"
Info: nios_data_master_agent: "mm_interconnect_0" instantiated altera_merlin_master_agent "nios_data_master_agent"
Info: hps_h2f_axi_master_agent: "mm_interconnect_0" instantiated altera_merlin_axi_master_ni "hps_h2f_axi_master_agent"
Info: jtag_uart_0_avalon_jtag_slave_agent: "mm_interconnect_0" instantiated altera_merlin_slave_agent "jtag_uart_0_avalon_jtag_slave_agent"
Info: jtag_uart_0_avalon_jtag_slave_agent_rsp_fifo: "mm_interconnect_0" instantiated altera_avalon_sc_fifo "jtag_uart_0_avalon_jtag_slave_agent_rsp_fifo"
Info: router: "mm_interconnect_0" instantiated altera_merlin_router "router"
Info: router_001: "mm_interconnect_0" instantiated altera_merlin_router "router_001"
Info: router_003: "mm_interconnect_0" instantiated altera_merlin_router "router_003"
Info: router_004: "mm_interconnect_0" instantiated altera_merlin_router "router_004"
Info: router_005: "mm_interconnect_0" instantiated altera_merlin_router "router_005"
Info: router_006: "mm_interconnect_0" instantiated altera_merlin_router "router_006"
Info: router_007: "mm_interconnect_0" instantiated altera_merlin_router "router_007"
Info: router_008: "mm_interconnect_0" instantiated altera_merlin_router "router_008"
Info: hps_h2f_axi_master_wr_limiter: "mm_interconnect_0" instantiated altera_merlin_traffic_limiter "hps_h2f_axi_master_wr_limiter"
Info: Reusing file /home/sebastian95/Documents/GitHub/Image-Filter-in-Heterogenuos-Processor/ProyectoQuartus/multicore/synthesis/submodules/altera_avalon_sc_fifo.v
Info: leds_s1_burst_adapter: "mm_interconnect_0" instantiated altera_merlin_burst_adapter "leds_s1_burst_adapter"
Info: Reusing file /home/sebastian95/Documents/GitHub/Image-Filter-in-Heterogenuos-Processor/ProyectoQuartus/multicore/synthesis/submodules/altera_merlin_address_alignment.sv
Info: Reusing file /home/sebastian95/Documents/GitHub/Image-Filter-in-Heterogenuos-Processor/ProyectoQuartus/multicore/synthesis/submodules/altera_avalon_st_pipeline_base.v
Info: cmd_demux: "mm_interconnect_0" instantiated altera_merlin_demultiplexer "cmd_demux"
Info: cmd_demux_001: "mm_interconnect_0" instantiated altera_merlin_demultiplexer "cmd_demux_001"
Info: cmd_demux_003: "mm_interconnect_0" instantiated altera_merlin_demultiplexer "cmd_demux_003"
Info: cmd_mux: "mm_interconnect_0" instantiated altera_merlin_multiplexer "cmd_mux"
Info: cmd_mux_001: "mm_interconnect_0" instantiated altera_merlin_multiplexer "cmd_mux_001"
Info: Reusing file /home/sebastian95/Documents/GitHub/Image-Filter-in-Heterogenuos-Processor/ProyectoQuartus/multicore/synthesis/submodules/altera_merlin_arbitrator.sv
Info: cmd_mux_002: "mm_interconnect_0" instantiated altera_merlin_multiplexer "cmd_mux_002"
Info: Reusing file /home/sebastian95/Documents/GitHub/Image-Filter-in-Heterogenuos-Processor/ProyectoQuartus/multicore/synthesis/submodules/altera_merlin_arbitrator.sv
Info: rsp_demux: "mm_interconnect_0" instantiated altera_merlin_demultiplexer "rsp_demux"
Info: rsp_demux_002: "mm_interconnect_0" instantiated altera_merlin_demultiplexer "rsp_demux_002"
Info: rsp_mux: "mm_interconnect_0" instantiated altera_merlin_multiplexer "rsp_mux"
Info: Reusing file /home/sebastian95/Documents/GitHub/Image-Filter-in-Heterogenuos-Processor/ProyectoQuartus/multicore/synthesis/submodules/altera_merlin_arbitrator.sv
Info: rsp_mux_001: "mm_interconnect_0" instantiated altera_merlin_multiplexer "rsp_mux_001"
Info: Reusing file /home/sebastian95/Documents/GitHub/Image-Filter-in-Heterogenuos-Processor/ProyectoQuartus/multicore/synthesis/submodules/altera_merlin_arbitrator.sv
Info: sdram_s1_rsp_width_adapter: "mm_interconnect_0" instantiated altera_merlin_width_adapter "sdram_s1_rsp_width_adapter"
Info: Reusing file /home/sebastian95/Documents/GitHub/Image-Filter-in-Heterogenuos-Processor/ProyectoQuartus/multicore/synthesis/submodules/altera_merlin_address_alignment.sv
Info: Reusing file /home/sebastian95/Documents/GitHub/Image-Filter-in-Heterogenuos-Processor/ProyectoQuartus/multicore/synthesis/submodules/altera_merlin_burst_uncompressor.sv
Info: avalon_st_adapter: "mm_interconnect_0" instantiated altera_avalon_st_adapter "avalon_st_adapter"
Info: avalon_st_adapter_003: "mm_interconnect_0" instantiated altera_avalon_st_adapter "avalon_st_adapter_003"
Info: border: "hps_io" instantiated altera_interface_generator "border"
Info: error_adapter_0: "avalon_st_adapter" instantiated error_adapter "error_adapter_0"
Info: error_adapter_0: "avalon_st_adapter_003" instantiated error_adapter "error_adapter_0"
Info: multicore: Done "multicore" with 49 modules, 117 files
Info: qsys-generate succeeded.
Info: Finished: Create HDL design files for synthesis
